{"E:\\01-programming_files\\01-Front-end\\大前端进阶学习\\测试框架学习\\vitest-vue3-demo\\src\\App.vue": {"path":"E:\\01-programming_files\\01-Front-end\\大前端进阶学习\\测试框架学习\\vitest-vue3-demo\\src\\App.vue","all":true,"statementMap":{"0":{"start":{"line":1,"column":0},"end":{"line":1,"column":10}},"1":{"start":{"line":2,"column":0},"end":{"line":2,"column":48}},"2":{"start":{"line":3,"column":0},"end":{"line":3,"column":16}}},"s":{"0":0,"1":0,"2":0},"branchMap":{"0":{"type":"branch","line":1,"loc":{"start":{"line":1,"column":0},"end":{"line":4,"column":-67}},"locations":[{"start":{"line":1,"column":0},"end":{"line":4,"column":-67}}]}},"b":{"0":[0]},"fnMap":{"0":{"name":"(empty-report)","decl":{"start":{"line":1,"column":0},"end":{"line":4,"column":-67}},"loc":{"start":{"line":1,"column":0},"end":{"line":4,"column":-67}},"line":1}},"f":{"0":0}}
,"E:\\01-programming_files\\01-Front-end\\大前端进阶学习\\测试框架学习\\vitest-vue3-demo\\src\\main.ts": {"path":"E:\\01-programming_files\\01-Front-end\\大前端进阶学习\\测试框架学习\\vitest-vue3-demo\\src\\main.ts","all":true,"statementMap":{"0":{"start":{"line":1,"column":0},"end":{"line":1,"column":31}},"1":{"start":{"line":2,"column":0},"end":{"line":2,"column":27}},"2":{"start":{"line":3,"column":0},"end":{"line":3,"column":26}},"4":{"start":{"line":5,"column":0},"end":{"line":5,"column":29}},"6":{"start":{"line":7,"column":0},"end":{"line":7,"column":40}}},"s":{"0":0,"1":0,"2":0,"4":0,"6":0},"branchMap":{"0":{"type":"branch","line":1,"loc":{"start":{"line":1,"column":159},"end":{"line":7,"column":40}},"locations":[{"start":{"line":1,"column":159},"end":{"line":7,"column":40}}]}},"b":{"0":[0]},"fnMap":{"0":{"name":"(empty-report)","decl":{"start":{"line":1,"column":159},"end":{"line":7,"column":40}},"loc":{"start":{"line":1,"column":159},"end":{"line":7,"column":40}},"line":1}},"f":{"0":0}}
,"E:\\01-programming_files\\01-Front-end\\大前端进阶学习\\测试框架学习\\vitest-vue3-demo\\src\\common\\utils\\math.ts": {"path":"E:\\01-programming_files\\01-Front-end\\大前端进阶学习\\测试框架学习\\vitest-vue3-demo\\src\\common\\utils\\math.ts","all":false,"statementMap":{"0":{"start":{"line":1,"column":0},"end":{"line":1,"column":43}},"1":{"start":{"line":2,"column":0},"end":{"line":2,"column":31}},"2":{"start":{"line":3,"column":0},"end":{"line":3,"column":1}},"4":{"start":{"line":5,"column":0},"end":{"line":5,"column":49}},"5":{"start":{"line":6,"column":0},"end":{"line":6,"column":26}},"6":{"start":{"line":7,"column":0},"end":{"line":7,"column":33}},"7":{"start":{"line":8,"column":0},"end":{"line":8,"column":1}}},"s":{"0":1,"1":1,"2":1,"4":1,"5":5,"6":3,"7":3},"branchMap":{"0":{"type":"branch","line":1,"loc":{"start":{"line":1,"column":7},"end":{"line":3,"column":1}},"locations":[{"start":{"line":1,"column":7},"end":{"line":3,"column":1}}]},"1":{"type":"branch","line":5,"loc":{"start":{"line":5,"column":7},"end":{"line":8,"column":1}},"locations":[{"start":{"line":5,"column":7},"end":{"line":8,"column":1}}]},"2":{"type":"branch","line":6,"loc":{"start":{"line":6,"column":16},"end":{"line":6,"column":26}},"locations":[{"start":{"line":6,"column":16},"end":{"line":6,"column":26}}]},"3":{"type":"branch","line":6,"loc":{"start":{"line":6,"column":23},"end":{"line":8,"column":1}},"locations":[{"start":{"line":6,"column":23},"end":{"line":8,"column":1}}]}},"b":{"0":[1],"1":[5],"2":[2],"3":[3]},"fnMap":{"0":{"name":"sum","decl":{"start":{"line":1,"column":7},"end":{"line":3,"column":1}},"loc":{"start":{"line":1,"column":7},"end":{"line":3,"column":1}},"line":1},"1":{"name":"factorial","decl":{"start":{"line":5,"column":7},"end":{"line":8,"column":1}},"loc":{"start":{"line":5,"column":7},"end":{"line":8,"column":1}},"line":5}},"f":{"0":1,"1":5}}
,"E:\\01-programming_files\\01-Front-end\\大前端进阶学习\\测试框架学习\\vitest-vue3-demo\\src\\components\\HelloWorld.vue": {"path":"E:\\01-programming_files\\01-Front-end\\大前端进阶学习\\测试框架学习\\vitest-vue3-demo\\src\\components\\HelloWorld.vue","all":true,"statementMap":{"0":{"start":{"line":1,"column":0},"end":{"line":1,"column":24}},"1":{"start":{"line":2,"column":0},"end":{"line":2,"column":25}},"5":{"start":{"line":6,"column":0},"end":{"line":6,"column":20}},"9":{"start":{"line":10,"column":0},"end":{"line":10,"column":20}},"11":{"start":{"line":12,"column":0},"end":{"line":12,"column":20}},"12":{"start":{"line":13,"column":0},"end":{"line":13,"column":72}},"13":{"start":{"line":14,"column":0},"end":{"line":14,"column":7}},"15":{"start":{"line":16,"column":0},"end":{"line":16,"column":56}},"16":{"start":{"line":17,"column":0},"end":{"line":17,"column":8}},"17":{"start":{"line":18,"column":0},"end":{"line":18,"column":8}},"19":{"start":{"line":20,"column":0},"end":{"line":20,"column":5}},"21":{"start":{"line":22,"column":0},"end":{"line":22,"column":76}},"22":{"start":{"line":23,"column":0},"end":{"line":23,"column":20}},"23":{"start":{"line":24,"column":0},"end":{"line":24,"column":38}},"24":{"start":{"line":25,"column":0},"end":{"line":25,"column":6}},"25":{"start":{"line":26,"column":0},"end":{"line":26,"column":5}},"27":{"start":{"line":28,"column":0},"end":{"line":28,"column":79}},"29":{"start":{"line":30,"column":0},"end":{"line":30,"column":6}},"30":{"start":{"line":31,"column":0},"end":{"line":31,"column":76}}},"s":{"0":0,"1":0,"5":0,"9":0,"11":0,"12":0,"13":0,"15":0,"16":0,"17":0,"19":0,"21":0,"22":0,"23":0,"24":0,"25":0,"27":0,"29":0,"30":0},"branchMap":{"0":{"type":"branch","line":1,"loc":{"start":{"line":1,"column":786},"end":{"line":38,"column":8}},"locations":[{"start":{"line":1,"column":786},"end":{"line":38,"column":8}}]}},"b":{"0":[0]},"fnMap":{"0":{"name":"(empty-report)","decl":{"start":{"line":1,"column":786},"end":{"line":38,"column":8}},"loc":{"start":{"line":1,"column":786},"end":{"line":38,"column":8}},"line":1}},"f":{"0":0}}
,"E:\\01-programming_files\\01-Front-end\\大前端进阶学习\\测试框架学习\\vitest-vue3-demo\\src\\components\\TodoApp\\TodoFooter.vue": {"path":"E:\\01-programming_files\\01-Front-end\\大前端进阶学习\\测试框架学习\\vitest-vue3-demo\\src\\components\\TodoApp\\TodoFooter.vue","all":false,"statementMap":{"0":{"start":{"line":1,"column":0},"end":{"line":1,"column":10}},"1":{"start":{"line":2,"column":0},"end":{"line":2,"column":25}},"2":{"start":{"line":3,"column":0},"end":{"line":3,"column":53}},"3":{"start":{"line":4,"column":0},"end":{"line":4,"column":28}},"4":{"start":{"line":5,"column":0},"end":{"line":5,"column":80}},"5":{"start":{"line":6,"column":0},"end":{"line":6,"column":16}},"6":{"start":{"line":7,"column":0},"end":{"line":7,"column":5}},"7":{"start":{"line":8,"column":0},"end":{"line":8,"column":55}},"8":{"start":{"line":9,"column":0},"end":{"line":9,"column":24}},"9":{"start":{"line":10,"column":0},"end":{"line":10,"column":10}},"10":{"start":{"line":11,"column":0},"end":{"line":11,"column":43}},"11":{"start":{"line":12,"column":0},"end":{"line":12,"column":11}},"12":{"start":{"line":13,"column":0},"end":{"line":13,"column":10}},"13":{"start":{"line":14,"column":0},"end":{"line":14,"column":52}},"14":{"start":{"line":15,"column":0},"end":{"line":15,"column":11}},"15":{"start":{"line":16,"column":0},"end":{"line":16,"column":10}},"16":{"start":{"line":17,"column":0},"end":{"line":17,"column":58}},"17":{"start":{"line":18,"column":0},"end":{"line":18,"column":11}},"18":{"start":{"line":19,"column":0},"end":{"line":19,"column":9}},"19":{"start":{"line":20,"column":0},"end":{"line":20,"column":52}},"20":{"start":{"line":21,"column":0},"end":{"line":21,"column":11}},"21":{"start":{"line":22,"column":0},"end":{"line":22,"column":28}},"22":{"start":{"line":23,"column":0},"end":{"line":23,"column":35}},"23":{"start":{"line":24,"column":0},"end":{"line":24,"column":29}},"24":{"start":{"line":25,"column":0},"end":{"line":25,"column":39}},"25":{"start":{"line":26,"column":0},"end":{"line":26,"column":5}},"27":{"start":{"line":28,"column":0},"end":{"line":28,"column":13}},"28":{"start":{"line":29,"column":0},"end":{"line":29,"column":11}},"31":{"start":{"line":32,"column":0},"end":{"line":32,"column":30}},"43":{"start":{"line":44,"column":0},"end":{"line":44,"column":50}},"47":{"start":{"line":48,"column":0},"end":{"line":48,"column":45}},"49":{"start":{"line":50,"column":0},"end":{"line":50,"column":32}},"50":{"start":{"line":51,"column":0},"end":{"line":51,"column":55}},"51":{"start":{"line":52,"column":0},"end":{"line":52,"column":1}},"53":{"start":{"line":54,"column":0},"end":{"line":54,"column":77}}},"s":{"0":1,"1":1,"2":1,"3":1,"4":1,"5":1,"6":1,"7":1,"8":1,"9":1,"10":1,"11":1,"12":1,"13":1,"14":1,"15":1,"16":1,"17":1,"18":1,"19":1,"20":1,"21":1,"22":5,"23":5,"24":5,"25":5,"27":5,"28":1,"31":1,"43":1,"47":1,"49":1,"50":1,"51":1,"53":1},"branchMap":{"0":{"type":"branch","line":51,"loc":{"start":{"line":51,"column":2},"end":{"line":51,"column":55}},"locations":[{"start":{"line":51,"column":2},"end":{"line":51,"column":55}}]},"1":{"type":"branch","line":51,"loc":{"start":{"line":51,"column":27},"end":{"line":51,"column":47}},"locations":[{"start":{"line":51,"column":27},"end":{"line":51,"column":47}}]},"2":{"type":"branch","line":54,"loc":{"start":{"line":54,"column":33},"end":{"line":54,"column":76}},"locations":[{"start":{"line":54,"column":33},"end":{"line":54,"column":76}}]},"3":{"type":"branch","line":54,"loc":{"start":{"line":54,"column":56},"end":{"line":54,"column":75}},"locations":[{"start":{"line":54,"column":56},"end":{"line":54,"column":75}}]},"4":{"type":"branch","line":22,"loc":{"start":{"line":22,"column":12},"end":{"line":28,"column":13}},"locations":[{"start":{"line":22,"column":12},"end":{"line":28,"column":13}}]},"5":{"type":"branch","line":11,"loc":{"start":{"line":11,"column":27},"end":{"line":11,"column":43}},"locations":[{"start":{"line":11,"column":27},"end":{"line":11,"column":43}}]},"6":{"type":"branch","line":14,"loc":{"start":{"line":14,"column":33},"end":{"line":14,"column":52}},"locations":[{"start":{"line":14,"column":33},"end":{"line":14,"column":52}}]},"7":{"type":"branch","line":17,"loc":{"start":{"line":17,"column":36},"end":{"line":17,"column":58}},"locations":[{"start":{"line":17,"column":36},"end":{"line":17,"column":58}}]},"8":{"type":"branch","line":25,"loc":{"start":{"line":25,"column":12},"end":{"line":25,"column":39}},"locations":[{"start":{"line":25,"column":12},"end":{"line":25,"column":39}}]}},"b":{"0":[6],"1":[18],"2":[6],"3":[13],"4":[5],"5":[19],"6":[16],"7":[16],"8":[1]},"fnMap":{"0":{"name":"__vite_ssr_import_2__.createElementBlock.$setup.clearBtnVisible.__vite_ssr_import_2__.createElementBlock.onClick._cache.<computed>._cache.<computed>","decl":{"start":{"line":25,"column":12},"end":{"line":25,"column":39}},"loc":{"start":{"line":25,"column":12},"end":{"line":25,"column":39}},"line":25}},"f":{"0":1}}
,"E:\\01-programming_files\\01-Front-end\\大前端进阶学习\\测试框架学习\\vitest-vue3-demo\\src\\components\\TodoApp\\TodoHeader.vue": {"path":"E:\\01-programming_files\\01-Front-end\\大前端进阶学习\\测试框架学习\\vitest-vue3-demo\\src\\components\\TodoApp\\TodoHeader.vue","all":false,"statementMap":{"0":{"start":{"line":1,"column":0},"end":{"line":1,"column":10}},"1":{"start":{"line":2,"column":0},"end":{"line":2,"column":25}},"2":{"start":{"line":3,"column":0},"end":{"line":3,"column":18}},"3":{"start":{"line":4,"column":0},"end":{"line":4,"column":10}},"4":{"start":{"line":5,"column":0},"end":{"line":5,"column":22}},"5":{"start":{"line":6,"column":0},"end":{"line":6,"column":42}},"6":{"start":{"line":7,"column":0},"end":{"line":7,"column":15}},"7":{"start":{"line":8,"column":0},"end":{"line":8,"column":28}},"8":{"start":{"line":9,"column":0},"end":{"line":9,"column":34}},"9":{"start":{"line":10,"column":0},"end":{"line":10,"column":6}},"10":{"start":{"line":11,"column":0},"end":{"line":11,"column":11}},"14":{"start":{"line":15,"column":0},"end":{"line":15,"column":38}},"16":{"start":{"line":17,"column":0},"end":{"line":17,"column":42}},"17":{"start":{"line":18,"column":0},"end":{"line":18,"column":46}},"18":{"start":{"line":19,"column":0},"end":{"line":19,"column":36}},"19":{"start":{"line":20,"column":0},"end":{"line":20,"column":27}},"20":{"start":{"line":21,"column":0},"end":{"line":21,"column":25}},"21":{"start":{"line":22,"column":0},"end":{"line":22,"column":20}},"22":{"start":{"line":23,"column":0},"end":{"line":23,"column":1}}},"s":{"0":1,"1":1,"2":1,"3":1,"4":1,"5":1,"6":1,"7":1,"8":1,"9":1,"10":1,"14":1,"16":2,"17":2,"18":2,"19":2,"20":1,"21":1,"22":2},"branchMap":{"0":{"type":"branch","line":17,"loc":{"start":{"line":17,"column":0},"end":{"line":23,"column":1}},"locations":[{"start":{"line":17,"column":0},"end":{"line":23,"column":1}}]},"1":{"type":"branch","line":20,"loc":{"start":{"line":20,"column":21},"end":{"line":22,"column":20}},"locations":[{"start":{"line":20,"column":21},"end":{"line":22,"column":20}}]}},"b":{"0":[2],"1":[1]},"fnMap":{"0":{"name":"handleNewTodo","decl":{"start":{"line":17,"column":0},"end":{"line":23,"column":1}},"loc":{"start":{"line":17,"column":0},"end":{"line":23,"column":1}},"line":17}},"f":{"0":2}}
,"E:\\01-programming_files\\01-Front-end\\大前端进阶学习\\测试框架学习\\vitest-vue3-demo\\src\\components\\TodoApp\\TodoItem.vue": {"path":"E:\\01-programming_files\\01-Front-end\\大前端进阶学习\\测试框架学习\\vitest-vue3-demo\\src\\components\\TodoApp\\TodoItem.vue","all":false,"statementMap":{"0":{"start":{"line":1,"column":0},"end":{"line":1,"column":10}},"1":{"start":{"line":2,"column":0},"end":{"line":2,"column":5}},"2":{"start":{"line":3,"column":0},"end":{"line":3,"column":27}},"3":{"start":{"line":4,"column":0},"end":{"line":4,"column":57}},"5":{"start":{"line":6,"column":0},"end":{"line":6,"column":22}},"6":{"start":{"line":7,"column":0},"end":{"line":7,"column":12}},"7":{"start":{"line":8,"column":0},"end":{"line":8,"column":27}},"8":{"start":{"line":9,"column":0},"end":{"line":9,"column":31}},"9":{"start":{"line":10,"column":0},"end":{"line":10,"column":22}},"10":{"start":{"line":11,"column":0},"end":{"line":11,"column":23}},"11":{"start":{"line":12,"column":0},"end":{"line":12,"column":8}},"12":{"start":{"line":13,"column":0},"end":{"line":13,"column":68}},"13":{"start":{"line":14,"column":0},"end":{"line":14,"column":17}},"14":{"start":{"line":15,"column":0},"end":{"line":15,"column":16}},"15":{"start":{"line":16,"column":0},"end":{"line":16,"column":13}},"16":{"start":{"line":17,"column":0},"end":{"line":17,"column":28}},"17":{"start":{"line":18,"column":0},"end":{"line":18,"column":23}},"18":{"start":{"line":19,"column":0},"end":{"line":19,"column":46}},"19":{"start":{"line":20,"column":0},"end":{"line":20,"column":16}},"20":{"start":{"line":21,"column":0},"end":{"line":21,"column":10}},"21":{"start":{"line":22,"column":0},"end":{"line":22,"column":10}},"22":{"start":{"line":23,"column":0},"end":{"line":23,"column":25}},"23":{"start":{"line":24,"column":0},"end":{"line":24,"column":29}},"24":{"start":{"line":25,"column":0},"end":{"line":25,"column":18}},"25":{"start":{"line":26,"column":0},"end":{"line":26,"column":24}},"26":{"start":{"line":27,"column":0},"end":{"line":27,"column":31}},"27":{"start":{"line":28,"column":0},"end":{"line":28,"column":35}},"28":{"start":{"line":29,"column":0},"end":{"line":29,"column":35}},"30":{"start":{"line":31,"column":0},"end":{"line":31,"column":6}},"31":{"start":{"line":32,"column":0},"end":{"line":32,"column":7}},"34":{"start":{"line":35,"column":0},"end":{"line":35,"column":48}},"45":{"start":{"line":46,"column":0},"end":{"line":46,"column":50}},"49":{"start":{"line":50,"column":0},"end":{"line":50,"column":26}},"54":{"start":{"line":55,"column":0},"end":{"line":55,"column":28}},"56":{"start":{"line":57,"column":0},"end":{"line":57,"column":77}},"57":{"start":{"line":58,"column":0},"end":{"line":58,"column":22}},"58":{"start":{"line":59,"column":0},"end":{"line":59,"column":14}},"59":{"start":{"line":60,"column":0},"end":{"line":60,"column":3}},"60":{"start":{"line":61,"column":0},"end":{"line":61,"column":1}},"62":{"start":{"line":63,"column":0},"end":{"line":63,"column":43}},"63":{"start":{"line":64,"column":0},"end":{"line":64,"column":21}},"64":{"start":{"line":65,"column":0},"end":{"line":65,"column":22}},"65":{"start":{"line":66,"column":0},"end":{"line":66,"column":47}},"66":{"start":{"line":67,"column":0},"end":{"line":67,"column":4}},"69":{"start":{"line":70,"column":0},"end":{"line":70,"column":25}},"70":{"start":{"line":71,"column":0},"end":{"line":71,"column":1}},"72":{"start":{"line":73,"column":0},"end":{"line":73,"column":29}},"73":{"start":{"line":74,"column":0},"end":{"line":74,"column":25}},"74":{"start":{"line":75,"column":0},"end":{"line":75,"column":1}},"76":{"start":{"line":77,"column":0},"end":{"line":77,"column":14}},"77":{"start":{"line":78,"column":0},"end":{"line":78,"column":12}},"78":{"start":{"line":79,"column":0},"end":{"line":79,"column":2}}},"s":{"0":1,"1":1,"2":1,"3":1,"5":1,"6":1,"7":1,"8":1,"9":1,"10":1,"11":1,"12":1,"13":1,"14":1,"15":1,"16":1,"17":1,"18":1,"19":1,"20":1,"21":1,"22":1,"23":1,"24":1,"25":1,"26":1,"27":1,"28":1,"30":1,"31":1,"34":1,"45":1,"49":1,"54":1,"56":1,"57":17,"58":17,"59":17,"60":17,"62":1,"63":1,"64":1,"65":1,"66":1,"69":1,"70":1,"72":1,"73":1,"74":1,"76":1,"77":1,"78":1},"branchMap":{"0":{"type":"branch","line":57,"loc":{"start":{"line":57,"column":15},"end":{"line":61,"column":1}},"locations":[{"start":{"line":57,"column":15},"end":{"line":61,"column":1}}]},"1":{"type":"branch","line":63,"loc":{"start":{"line":63,"column":0},"end":{"line":71,"column":1}},"locations":[{"start":{"line":63,"column":0},"end":{"line":71,"column":1}}]},"2":{"type":"branch","line":73,"loc":{"start":{"line":73,"column":0},"end":{"line":75,"column":1}},"locations":[{"start":{"line":73,"column":0},"end":{"line":75,"column":1}}]},"3":{"type":"branch","line":13,"loc":{"start":{"line":13,"column":46},"end":{"line":13,"column":68}},"locations":[{"start":{"line":13,"column":46},"end":{"line":13,"column":68}}]},"4":{"type":"branch","line":19,"loc":{"start":{"line":19,"column":14},"end":{"line":19,"column":46}},"locations":[{"start":{"line":19,"column":14},"end":{"line":19,"column":46}}]},"5":{"type":"branch","line":27,"loc":{"start":{"line":27,"column":11},"end":{"line":27,"column":31}},"locations":[{"start":{"line":27,"column":11},"end":{"line":27,"column":31}}]},"6":{"type":"branch","line":13,"loc":{"start":{"line":13,"column":46},"end":{"line":13,"column":68}},"locations":[{"start":{"line":13,"column":46},"end":{"line":13,"column":68}}]},"7":{"type":"branch","line":19,"loc":{"start":{"line":19,"column":14},"end":{"line":19,"column":46}},"locations":[{"start":{"line":19,"column":14},"end":{"line":19,"column":46}}]},"8":{"type":"branch","line":27,"loc":{"start":{"line":27,"column":11},"end":{"line":27,"column":31}},"locations":[{"start":{"line":27,"column":11},"end":{"line":27,"column":31}}]}},"b":{"0":[17],"1":[1],"2":[1],"3":[7],"4":[7],"5":[7],"6":[3],"7":[1],"8":[1]},"fnMap":{"0":{"name":"vFocus","decl":{"start":{"line":57,"column":15},"end":{"line":61,"column":1}},"loc":{"start":{"line":57,"column":15},"end":{"line":61,"column":1}},"line":57},"1":{"name":"handleEditTodo","decl":{"start":{"line":63,"column":0},"end":{"line":71,"column":1}},"loc":{"start":{"line":63,"column":0},"end":{"line":71,"column":1}},"line":63},"2":{"name":"handleCancelEdit","decl":{"start":{"line":73,"column":0},"end":{"line":75,"column":1}},"loc":{"start":{"line":73,"column":0},"end":{"line":75,"column":1}},"line":73},"3":{"name":"__vite_ssr_import_2__.createElementBlock.__vite_ssr_import_2__.createElementVNode.__vite_ssr_import_2__.createElementVNode.onDblclick._cache.<computed>._cache.<computed>","decl":{"start":{"line":13,"column":46},"end":{"line":13,"column":68}},"loc":{"start":{"line":13,"column":46},"end":{"line":13,"column":68}},"line":13},"4":{"name":"__vite_ssr_import_2__.createElementBlock.__vite_ssr_import_2__.createElementVNode.__vite_ssr_import_2__.createElementVNode.onClick._cache.<computed>._cache.<computed>","decl":{"start":{"line":19,"column":14},"end":{"line":19,"column":46}},"loc":{"start":{"line":19,"column":14},"end":{"line":19,"column":46}},"line":19},"5":{"name":"__vite_ssr_import_2__.createElementBlock.__vite_ssr_import_2__.withDirectives.__vite_ssr_import_2__.createElementVNode.onBlur._cache.<computed>._cache.<computed>","decl":{"start":{"line":27,"column":11},"end":{"line":27,"column":31}},"loc":{"start":{"line":27,"column":11},"end":{"line":27,"column":31}},"line":27}},"f":{"0":17,"1":1,"2":1,"3":3,"4":1,"5":1}}
,"E:\\01-programming_files\\01-Front-end\\大前端进阶学习\\测试框架学习\\vitest-vue3-demo\\src\\components\\TodoApp\\index.vue": {"path":"E:\\01-programming_files\\01-Front-end\\大前端进阶学习\\测试框架学习\\vitest-vue3-demo\\src\\components\\TodoApp\\index.vue","all":false,"statementMap":{"0":{"start":{"line":1,"column":0},"end":{"line":1,"column":10}},"1":{"start":{"line":2,"column":0},"end":{"line":2,"column":27}},"2":{"start":{"line":3,"column":0},"end":{"line":3,"column":44}},"3":{"start":{"line":4,"column":0},"end":{"line":4,"column":84}},"4":{"start":{"line":5,"column":0},"end":{"line":5,"column":26}},"5":{"start":{"line":6,"column":0},"end":{"line":6,"column":12}},"6":{"start":{"line":7,"column":0},"end":{"line":7,"column":27}},"7":{"start":{"line":8,"column":0},"end":{"line":8,"column":32}},"8":{"start":{"line":9,"column":0},"end":{"line":9,"column":23}},"9":{"start":{"line":10,"column":0},"end":{"line":10,"column":26}},"10":{"start":{"line":11,"column":0},"end":{"line":11,"column":23}},"11":{"start":{"line":12,"column":0},"end":{"line":12,"column":8}},"12":{"start":{"line":13,"column":0},"end":{"line":13,"column":58}},"13":{"start":{"line":14,"column":0},"end":{"line":14,"column":28}},"14":{"start":{"line":15,"column":0},"end":{"line":15,"column":76}},"15":{"start":{"line":16,"column":0},"end":{"line":16,"column":112}},"16":{"start":{"line":17,"column":0},"end":{"line":17,"column":17}},"17":{"start":{"line":18,"column":0},"end":{"line":18,"column":37}},"18":{"start":{"line":19,"column":0},"end":{"line":19,"column":24}},"19":{"start":{"line":20,"column":0},"end":{"line":20,"column":22}},"20":{"start":{"line":21,"column":0},"end":{"line":21,"column":41}},"21":{"start":{"line":22,"column":0},"end":{"line":22,"column":37}},"22":{"start":{"line":23,"column":0},"end":{"line":23,"column":10}},"23":{"start":{"line":24,"column":0},"end":{"line":24,"column":11}},"24":{"start":{"line":25,"column":0},"end":{"line":25,"column":14}},"25":{"start":{"line":26,"column":0},"end":{"line":26,"column":83}},"26":{"start":{"line":27,"column":0},"end":{"line":27,"column":73}},"27":{"start":{"line":28,"column":0},"end":{"line":28,"column":12}},"30":{"start":{"line":31,"column":0},"end":{"line":31,"column":35}},"31":{"start":{"line":32,"column":0},"end":{"line":32,"column":37}},"32":{"start":{"line":33,"column":0},"end":{"line":33,"column":41}},"33":{"start":{"line":34,"column":0},"end":{"line":34,"column":41}},"34":{"start":{"line":35,"column":0},"end":{"line":35,"column":37}},"42":{"start":{"line":43,"column":0},"end":{"line":43,"column":24}},"44":{"start":{"line":45,"column":0},"end":{"line":45,"column":33}},"46":{"start":{"line":47,"column":0},"end":{"line":47,"column":28}},"47":{"start":{"line":48,"column":0},"end":{"line":48,"column":9}},"48":{"start":{"line":49,"column":0},"end":{"line":49,"column":73}},"49":{"start":{"line":50,"column":0},"end":{"line":50,"column":4}},"50":{"start":{"line":51,"column":0},"end":{"line":51,"column":25}},"51":{"start":{"line":52,"column":0},"end":{"line":52,"column":35}},"52":{"start":{"line":53,"column":0},"end":{"line":53,"column":25}},"53":{"start":{"line":54,"column":0},"end":{"line":54,"column":6}},"54":{"start":{"line":55,"column":0},"end":{"line":55,"column":3}},"55":{"start":{"line":56,"column":0},"end":{"line":56,"column":2}},"57":{"start":{"line":58,"column":0},"end":{"line":58,"column":36}},"60":{"start":{"line":61,"column":0},"end":{"line":61,"column":25}},"61":{"start":{"line":62,"column":0},"end":{"line":62,"column":16}},"62":{"start":{"line":63,"column":0},"end":{"line":63,"column":19}},"63":{"start":{"line":64,"column":0},"end":{"line":64,"column":53}},"64":{"start":{"line":65,"column":0},"end":{"line":65,"column":22}},"65":{"start":{"line":66,"column":0},"end":{"line":66,"column":52}},"66":{"start":{"line":67,"column":0},"end":{"line":67,"column":12}},"67":{"start":{"line":68,"column":0},"end":{"line":68,"column":25}},"68":{"start":{"line":69,"column":0},"end":{"line":69,"column":3}},"69":{"start":{"line":70,"column":0},"end":{"line":70,"column":2}},"71":{"start":{"line":72,"column":0},"end":{"line":72,"column":38}},"72":{"start":{"line":73,"column":0},"end":{"line":73,"column":53}},"73":{"start":{"line":74,"column":0},"end":{"line":74,"column":20}},"74":{"start":{"line":75,"column":0},"end":{"line":75,"column":37}},"75":{"start":{"line":76,"column":0},"end":{"line":76,"column":9}},"76":{"start":{"line":77,"column":0},"end":{"line":77,"column":16}},"77":{"start":{"line":78,"column":0},"end":{"line":78,"column":4}},"78":{"start":{"line":79,"column":0},"end":{"line":79,"column":1}},"80":{"start":{"line":81,"column":0},"end":{"line":81,"column":39}},"81":{"start":{"line":82,"column":0},"end":{"line":82,"column":60}},"82":{"start":{"line":83,"column":0},"end":{"line":83,"column":1}},"84":{"start":{"line":85,"column":0},"end":{"line":85,"column":61}},"85":{"start":{"line":86,"column":0},"end":{"line":86,"column":68}},"86":{"start":{"line":87,"column":0},"end":{"line":87,"column":26}},"87":{"start":{"line":88,"column":0},"end":{"line":88,"column":38}},"88":{"start":{"line":89,"column":0},"end":{"line":89,"column":32}},"89":{"start":{"line":90,"column":0},"end":{"line":90,"column":10}},"90":{"start":{"line":91,"column":0},"end":{"line":91,"column":39}},"91":{"start":{"line":92,"column":0},"end":{"line":92,"column":3}},"92":{"start":{"line":93,"column":0},"end":{"line":93,"column":1}},"94":{"start":{"line":95,"column":0},"end":{"line":95,"column":33}},"95":{"start":{"line":96,"column":0},"end":{"line":96,"column":56}},"96":{"start":{"line":97,"column":0},"end":{"line":97,"column":1}},"99":{"start":{"line":100,"column":0},"end":{"line":100,"column":14}},"100":{"start":{"line":101,"column":0},"end":{"line":101,"column":8}},"101":{"start":{"line":102,"column":0},"end":{"line":102,"column":14}},"102":{"start":{"line":103,"column":0},"end":{"line":103,"column":16}},"103":{"start":{"line":104,"column":0},"end":{"line":104,"column":19}},"104":{"start":{"line":105,"column":0},"end":{"line":105,"column":17}},"105":{"start":{"line":106,"column":0},"end":{"line":106,"column":22}},"106":{"start":{"line":107,"column":0},"end":{"line":107,"column":2}}},"s":{"0":1,"1":1,"2":1,"3":1,"4":1,"5":1,"6":1,"7":1,"8":1,"9":1,"10":1,"11":1,"12":1,"13":1,"14":1,"15":1,"16":1,"17":1,"18":1,"19":1,"20":1,"21":1,"22":1,"23":1,"24":1,"25":1,"26":1,"27":1,"30":1,"31":1,"32":1,"33":1,"34":1,"42":1,"44":1,"46":1,"47":1,"48":28,"49":28,"50":1,"51":2,"52":6,"53":2,"54":2,"55":1,"57":1,"60":43,"61":43,"62":43,"63":9,"64":43,"65":11,"66":43,"67":23,"68":43,"69":1,"71":1,"72":1,"73":1,"74":1,"75":1,"76":1,"77":1,"78":1,"80":2,"81":2,"82":2,"84":2,"85":2,"86":2,"87":2,"88":1,"89":1,"90":1,"91":1,"92":2,"94":1,"95":1,"96":1,"99":1,"100":1,"101":1,"102":1,"103":1,"104":1,"105":1,"106":1},"branchMap":{"0":{"type":"branch","line":48,"loc":{"start":{"line":48,"column":2},"end":{"line":50,"column":4}},"locations":[{"start":{"line":48,"column":2},"end":{"line":50,"column":4}}]},"1":{"type":"branch","line":49,"loc":{"start":{"line":49,"column":25},"end":{"line":49,"column":73}},"locations":[{"start":{"line":49,"column":25},"end":{"line":49,"column":73}}]},"2":{"type":"branch","line":49,"loc":{"start":{"line":49,"column":53},"end":{"line":49,"column":72}},"locations":[{"start":{"line":49,"column":53},"end":{"line":49,"column":72}}]},"3":{"type":"branch","line":51,"loc":{"start":{"line":51,"column":2},"end":{"line":55,"column":3}},"locations":[{"start":{"line":51,"column":2},"end":{"line":55,"column":3}}]},"4":{"type":"branch","line":52,"loc":{"start":{"line":52,"column":24},"end":{"line":54,"column":5}},"locations":[{"start":{"line":52,"column":24},"end":{"line":54,"column":5}}]},"5":{"type":"branch","line":58,"loc":{"start":{"line":58,"column":29},"end":{"line":70,"column":1}},"locations":[{"start":{"line":58,"column":29},"end":{"line":70,"column":1}}]},"6":{"type":"branch","line":63,"loc":{"start":{"line":63,"column":4},"end":{"line":64,"column":53}},"locations":[{"start":{"line":63,"column":4},"end":{"line":64,"column":53}}]},"7":{"type":"branch","line":65,"loc":{"start":{"line":65,"column":4},"end":{"line":66,"column":52}},"locations":[{"start":{"line":65,"column":4},"end":{"line":66,"column":52}}]},"8":{"type":"branch","line":67,"loc":{"start":{"line":67,"column":4},"end":{"line":68,"column":25}},"locations":[{"start":{"line":67,"column":4},"end":{"line":68,"column":25}}]},"9":{"type":"branch","line":64,"loc":{"start":{"line":64,"column":32},"end":{"line":64,"column":52}},"locations":[{"start":{"line":64,"column":32},"end":{"line":64,"column":52}}]},"10":{"type":"branch","line":66,"loc":{"start":{"line":66,"column":32},"end":{"line":66,"column":51}},"locations":[{"start":{"line":66,"column":32},"end":{"line":66,"column":51}}]},"11":{"type":"branch","line":72,"loc":{"start":{"line":72,"column":0},"end":{"line":79,"column":1}},"locations":[{"start":{"line":72,"column":0},"end":{"line":79,"column":1}}]},"12":{"type":"branch","line":75,"loc":{"start":{"line":75,"column":31},"end":{"line":75,"column":37}},"locations":[{"start":{"line":75,"column":31},"end":{"line":75,"column":37}}]},"13":{"type":"branch","line":81,"loc":{"start":{"line":81,"column":0},"end":{"line":83,"column":1}},"locations":[{"start":{"line":81,"column":0},"end":{"line":83,"column":1}}]},"14":{"type":"branch","line":82,"loc":{"start":{"line":82,"column":35},"end":{"line":82,"column":59}},"locations":[{"start":{"line":82,"column":35},"end":{"line":82,"column":59}}]},"15":{"type":"branch","line":85,"loc":{"start":{"line":85,"column":0},"end":{"line":93,"column":1}},"locations":[{"start":{"line":85,"column":0},"end":{"line":93,"column":1}}]},"16":{"type":"branch","line":87,"loc":{"start":{"line":87,"column":20},"end":{"line":87,"column":26}},"locations":[{"start":{"line":87,"column":20},"end":{"line":87,"column":26}}]},"17":{"type":"branch","line":88,"loc":{"start":{"line":88,"column":37},"end":{"line":92,"column":3}},"locations":[{"start":{"line":88,"column":37},"end":{"line":92,"column":3}}]},"18":{"type":"branch","line":86,"loc":{"start":{"line":86,"column":38},"end":{"line":86,"column":67}},"locations":[{"start":{"line":86,"column":38},"end":{"line":86,"column":67}}]},"19":{"type":"branch","line":95,"loc":{"start":{"line":95,"column":0},"end":{"line":97,"column":1}},"locations":[{"start":{"line":95,"column":0},"end":{"line":97,"column":1}}]},"20":{"type":"branch","line":96,"loc":{"start":{"line":96,"column":35},"end":{"line":96,"column":55}},"locations":[{"start":{"line":96,"column":35},"end":{"line":96,"column":55}}]}},"b":{"0":[28],"1":[18],"2":[21],"3":[2],"4":[6],"5":[43],"6":[9],"7":[11],"8":[23],"9":[25],"10":[28],"11":[1],"12":[0],"13":[2],"14":[6],"15":[2],"16":[0],"17":[1],"18":[4],"19":[1],"20":[3]},"fnMap":{"0":{"name":"get","decl":{"start":{"line":48,"column":2},"end":{"line":50,"column":4}},"loc":{"start":{"line":48,"column":2},"end":{"line":50,"column":4}},"line":48},"1":{"name":"set","decl":{"start":{"line":51,"column":2},"end":{"line":55,"column":3}},"loc":{"start":{"line":51,"column":2},"end":{"line":55,"column":3}},"line":51},"2":{"name":"handleNewTodo","decl":{"start":{"line":72,"column":0},"end":{"line":79,"column":1}},"loc":{"start":{"line":72,"column":0},"end":{"line":79,"column":1}},"line":72},"3":{"name":"handleDeleteTodo","decl":{"start":{"line":81,"column":0},"end":{"line":83,"column":1}},"loc":{"start":{"line":81,"column":0},"end":{"line":83,"column":1}},"line":81},"4":{"name":"handleEditTodo","decl":{"start":{"line":85,"column":0},"end":{"line":93,"column":1}},"loc":{"start":{"line":85,"column":0},"end":{"line":93,"column":1}},"line":85},"5":{"name":"handleClearCompleted","decl":{"start":{"line":95,"column":0},"end":{"line":97,"column":1}},"loc":{"start":{"line":95,"column":0},"end":{"line":97,"column":1}},"line":95}},"f":{"0":28,"1":2,"2":1,"3":2,"4":2,"5":1}}
,"E:\\01-programming_files\\01-Front-end\\大前端进阶学习\\测试框架学习\\vitest-vue3-demo\\src\\router\\index.ts": {"path":"E:\\01-programming_files\\01-Front-end\\大前端进阶学习\\测试框架学习\\vitest-vue3-demo\\src\\router\\index.ts","all":false,"statementMap":{"0":{"start":{"line":1,"column":0},"end":{"line":1,"column":63}},"5":{"start":{"line":6,"column":0},"end":{"line":6,"column":52}},"7":{"start":{"line":8,"column":0},"end":{"line":8,"column":43}},"8":{"start":{"line":9,"column":0},"end":{"line":9,"column":3}},"9":{"start":{"line":10,"column":0},"end":{"line":10,"column":14}},"10":{"start":{"line":11,"column":0},"end":{"line":11,"column":22}},"11":{"start":{"line":12,"column":0},"end":{"line":12,"column":4}},"12":{"start":{"line":13,"column":0},"end":{"line":13,"column":3}},"13":{"start":{"line":14,"column":0},"end":{"line":14,"column":20}},"14":{"start":{"line":15,"column":0},"end":{"line":15,"column":22}},"15":{"start":{"line":16,"column":0},"end":{"line":16,"column":4}},"16":{"start":{"line":17,"column":0},"end":{"line":17,"column":3}},"17":{"start":{"line":18,"column":0},"end":{"line":18,"column":23}},"18":{"start":{"line":19,"column":0},"end":{"line":19,"column":22}},"19":{"start":{"line":20,"column":0},"end":{"line":20,"column":4}},"20":{"start":{"line":21,"column":0},"end":{"line":21,"column":1}},"22":{"start":{"line":23,"column":0},"end":{"line":23,"column":29}},"23":{"start":{"line":24,"column":0},"end":{"line":24,"column":58}},"24":{"start":{"line":25,"column":0},"end":{"line":25,"column":9}},"25":{"start":{"line":26,"column":0},"end":{"line":26,"column":29}},"26":{"start":{"line":27,"column":0},"end":{"line":27,"column":2}},"30":{"start":{"line":31,"column":0},"end":{"line":31,"column":21}}},"s":{"0":1,"5":1,"7":1,"8":1,"9":1,"10":1,"11":1,"12":1,"13":1,"14":1,"15":1,"16":1,"17":1,"18":1,"19":1,"20":1,"22":1,"23":1,"24":1,"25":1,"26":1,"30":1},"branchMap":{},"b":{},"fnMap":{},"f":{}}
}
